2019-04-20 14:29:42.658  INFO 3004 --- [restartedMain] cn.zxf.self.FoodStoreWebApplication      : Starting FoodStoreWebApplication on zxf with PID 3004 (E:\sourceTreeWork\foodstore\foodstore_web\target\classes started by zxf in E:\sourceTreeWork\foodstore)
2019-04-20 14:29:42.672  INFO 3004 --- [restartedMain] cn.zxf.self.FoodStoreWebApplication      : No active profile set, falling back to default profiles: default
2019-04-20 14:29:43.513  INFO 3004 --- [restartedMain] ConfigServletWebServerApplicationContext : Refreshing org.springframework.boot.web.servlet.context.AnnotationConfigServletWebServerApplicationContext@5fb373a: startup date [Sat Apr 20 14:29:43 CST 2019]; root of context hierarchy
2019-04-20 14:29:50.070  INFO 3004 --- [restartedMain] o.s.b.f.s.DefaultListableBeanFactory     : Overriding bean definition for bean 'hiddenHttpMethodFilter' with a different definition: replacing [Root bean: class [null]; scope=; abstract=false; lazyInit=false; autowireMode=3; dependencyCheck=0; autowireCandidate=true; primary=false; factoryBeanName=rabbitmqConfiguration; factoryMethodName=hiddenHttpMethodFilter; initMethodName=null; destroyMethodName=(inferred); defined in class path resource [cn/zxf/self/config/RabbitmqConfiguration.class]] with [Root bean: class [null]; scope=; abstract=false; lazyInit=false; autowireMode=3; dependencyCheck=0; autowireCandidate=true; primary=false; factoryBeanName=org.springframework.boot.autoconfigure.web.servlet.WebMvcAutoConfiguration; factoryMethodName=hiddenHttpMethodFilter; initMethodName=null; destroyMethodName=(inferred); defined in class path resource [org/springframework/boot/autoconfigure/web/servlet/WebMvcAutoConfiguration.class]]
2019-04-20 14:29:50.825  INFO 3004 --- [restartedMain] .s.d.r.c.RepositoryConfigurationDelegate : Multiple Spring Data modules found, entering strict repository configuration mode!
2019-04-20 14:29:52.758  INFO 3004 --- [restartedMain] trationDelegate$BeanPostProcessorChecker : Bean 'org.springframework.amqp.rabbit.annotation.RabbitBootstrapConfiguration' of type [org.springframework.amqp.rabbit.annotation.RabbitBootstrapConfiguration$$EnhancerBySpringCGLIB$$12831ecc] is not eligible for getting processed by all BeanPostProcessors (for example: not eligible for auto-proxying)
2019-04-20 14:29:52.955  INFO 3004 --- [restartedMain] trationDelegate$BeanPostProcessorChecker : Bean 'org.springframework.transaction.annotation.ProxyTransactionManagementConfiguration' of type [org.springframework.transaction.annotation.ProxyTransactionManagementConfiguration$$EnhancerBySpringCGLIB$$4c17609e] is not eligible for getting processed by all BeanPostProcessors (for example: not eligible for auto-proxying)
2019-04-20 14:29:55.795  INFO 3004 --- [restartedMain] o.s.b.w.embedded.tomcat.TomcatWebServer  : Tomcat initialized with port(s): 8888 (http)
2019-04-20 14:29:56.051  INFO 3004 --- [restartedMain] o.apache.catalina.core.StandardService   : Starting service [Tomcat]
2019-04-20 14:29:56.053  INFO 3004 --- [restartedMain] org.apache.catalina.core.StandardEngine  : Starting Servlet Engine: Apache Tomcat/8.5.37
2019-04-20 14:29:56.075  INFO 3004 --- [localhost-startStop-1] o.a.catalina.core.AprLifecycleListener   : The APR based Apache Tomcat Native library which allows optimal performance in production environments was not found on the java.library.path: [E:\java\bin;C:\WINDOWS\Sun\Java\bin;C:\WINDOWS\system32;C:\WINDOWS;C:\Program Files (x86)\Common Files\Oracle\Java\javapath;D:\python\Scripts\;D:\python\;D:\app\zxf\product\11.2.0\dbhome_1\bin;C:\WINDOWS\system32;C:\WINDOWS;C:\WINDOWS\System32\Wbem;C:\WINDOWS\System32\WindowsPowerShell\v1.0\;C:\Program Files (x86)\ATI Technologies\ATI.ACE\Core-Static;E:\java\bin;E:\apache-tomcat-8.5.20;E:\mysql-5.7.19-winx64\mysql-5.7.19-winx64\bin;E:\apache-maven-3.5.3\bin;D:\anaconda\Scripts;E:\jre\bin;C:\ProgramData\chocolatey\bin;E:\pandoc\pandoc-2.3.1-windows-x86_64\;D:\SVN\bin;E:\rabbitmq\rabbitmq_server-3.7.13\sbin,E:\Erlang\erl10.3\bin;D:\Fiddler;E:\mycat\bin;E:\rabbitmq\rabbitmq_server-3.7.13\sbin;E:\Erlang\erl10.3\bin;.]
2019-04-20 14:29:56.415  INFO 3004 --- [localhost-startStop-1] o.a.c.c.C.[Tomcat].[localhost].[/]       : Initializing Spring embedded WebApplicationContext
2019-04-20 14:29:56.415  INFO 3004 --- [localhost-startStop-1] o.s.web.context.ContextLoader            : Root WebApplicationContext: initialization completed in 12902 ms
2019-04-20 14:29:56.784  INFO 3004 --- [localhost-startStop-1] o.s.b.w.servlet.ServletRegistrationBean  : Servlet dispatcherServlet mapped to [/]
2019-04-20 14:29:56.787  INFO 3004 --- [localhost-startStop-1] o.s.b.w.servlet.ServletRegistrationBean  : Servlet statViewServlet mapped to [/druid/*]
2019-04-20 14:29:56.805  INFO 3004 --- [localhost-startStop-1] o.s.b.w.servlet.FilterRegistrationBean   : Mapping filter: 'characterEncodingFilter' to: [/*]
2019-04-20 14:29:56.807  INFO 3004 --- [localhost-startStop-1] o.s.b.w.servlet.FilterRegistrationBean   : Mapping filter: 'hiddenHttpMethodFilter' to: [/*]
2019-04-20 14:29:56.808  INFO 3004 --- [localhost-startStop-1] o.s.b.w.servlet.FilterRegistrationBean   : Mapping filter: 'httpPutFormContentFilter' to: [/*]
2019-04-20 14:29:56.809  INFO 3004 --- [localhost-startStop-1] o.s.b.w.servlet.FilterRegistrationBean   : Mapping filter: 'requestContextFilter' to: [/*]
2019-04-20 14:29:56.810  INFO 3004 --- [localhost-startStop-1] o.s.b.w.servlet.FilterRegistrationBean   : Mapping filter: 'webStatFilter' to urls: [/*]
2019-04-20 14:29:57.442  INFO 3004 --- [restartedMain] c.a.d.s.b.a.DruidDataSourceAutoConfigure : Init DruidDataSource
2019-04-20 14:30:01.906  INFO 3004 --- [restartedMain] com.alibaba.druid.pool.DruidDataSource   : {dataSource-1} inited
2019-04-20 14:30:04.268  WARN 3004 --- [restartedMain] o.s.a.r.l.SimpleMessageListenerContainer : It is preferred to configure the message converter via the endpoint. See RabbitListenerEndpoint.setMessageConverter
2019-04-20 14:30:04.583  INFO 3004 --- [restartedMain] o.s.w.s.handler.SimpleUrlHandlerMapping  : Mapped URL path [/**/favicon.ico] onto handler of type [class org.springframework.web.servlet.resource.ResourceHttpRequestHandler]
2019-04-20 14:30:05.410  INFO 3004 --- [restartedMain] s.w.s.m.m.a.RequestMappingHandlerAdapter : Looking for @ControllerAdvice: org.springframework.boot.web.servlet.context.AnnotationConfigServletWebServerApplicationContext@5fb373a: startup date [Sat Apr 20 14:29:43 CST 2019]; root of context hierarchy
2019-04-20 14:30:05.623  INFO 3004 --- [restartedMain] s.w.s.m.m.a.RequestMappingHandlerMapping : Mapped "{[/htm/searchRecipesByOrder.htm]}" onto public cn.zxf.self.vo.PageMsg cn.zxf.self.controllers.FoodController.searchRecipesByOrder(javax.servlet.http.HttpServletRequest,javax.servlet.http.HttpSession)
2019-04-20 14:30:05.625  INFO 3004 --- [restartedMain] s.w.s.m.m.a.RequestMappingHandlerMapping : Mapped "{[/htm/addFoodInfo.htm]}" onto public cn.zxf.self.vo.PagerModel cn.zxf.self.controllers.FoodController.addFoodInfo(javax.servlet.http.HttpServletRequest,cn.zxf.self.entry.Recipes)
2019-04-20 14:30:05.626  INFO 3004 --- [restartedMain] s.w.s.m.m.a.RequestMappingHandlerMapping : Mapped "{[/htm/cookerOrderInfo.htm]}" onto public java.lang.String cn.zxf.self.controllers.FoodController.cookerMain()
2019-04-20 14:30:05.627  INFO 3004 --- [restartedMain] s.w.s.m.m.a.RequestMappingHandlerMapping : Mapped "{[/htm/modifyFood.htm]}" onto public cn.zxf.self.vo.PagerModel cn.zxf.self.controllers.FoodController.modifyFoodInfo(javax.servlet.http.HttpServletRequest,cn.zxf.self.entry.Recipes)
2019-04-20 14:30:05.628  INFO 3004 --- [restartedMain] s.w.s.m.m.a.RequestMappingHandlerMapping : Mapped "{[/htm/modifyFoodStatus.htm],methods=[GET]}" onto public cn.zxf.self.vo.PagerModel cn.zxf.self.controllers.FoodController.modifyFoodStatus(javax.servlet.http.HttpServletRequest)
2019-04-20 14:30:05.628  INFO 3004 --- [restartedMain] s.w.s.m.m.a.RequestMappingHandlerMapping : Mapped "{[/htm/foodInfo.htm]}" onto public java.lang.String cn.zxf.self.controllers.FoodController.foodMain(javax.servlet.http.HttpServletRequest)
2019-04-20 14:30:05.629  INFO 3004 --- [restartedMain] s.w.s.m.m.a.RequestMappingHandlerMapping : Mapped "{[/htm/foodInfoData.htm]}" onto public cn.zxf.self.vo.PageMsg cn.zxf.self.controllers.FoodController.foodAllInfo(javax.servlet.http.HttpServletRequest)
2019-04-20 14:30:05.636  INFO 3004 --- [restartedMain] s.w.s.m.m.a.RequestMappingHandlerMapping : Mapped "{[/htm/loginManagerAccount.htm]}" onto public cn.zxf.self.dto.JsonModel cn.zxf.self.controllers.LoginController.loginManagerAccount(javax.servlet.http.HttpServletRequest,javax.servlet.http.HttpSession,javax.servlet.http.HttpServletResponse)
2019-04-20 14:30:05.636  INFO 3004 --- [restartedMain] s.w.s.m.m.a.RequestMappingHandlerMapping : Mapped "{[/htm/login.htm]}" onto public java.lang.String cn.zxf.self.controllers.LoginController.login(javax.servlet.http.HttpSession,javax.servlet.http.HttpServletRequest,javax.servlet.http.HttpServletResponse)
2019-04-20 14:30:05.637  INFO 3004 --- [restartedMain] s.w.s.m.m.a.RequestMappingHandlerMapping : Mapped "{[/htm/register.htm]}" onto public java.lang.String cn.zxf.self.controllers.LoginController.registerUser(javax.servlet.http.HttpSession,javax.servlet.http.HttpServletRequest,javax.servlet.http.HttpServletResponse)
2019-04-20 14:30:05.638  INFO 3004 --- [restartedMain] s.w.s.m.m.a.RequestMappingHandlerMapping : Mapped "{[/htm/verifyCode.htm]}" onto public void cn.zxf.self.controllers.LoginController.verifyCode(javax.servlet.http.HttpSession,javax.servlet.http.HttpServletRequest,javax.servlet.http.HttpServletResponse) throws java.io.IOException
2019-04-20 14:30:05.638  INFO 3004 --- [restartedMain] s.w.s.m.m.a.RequestMappingHandlerMapping : Mapped "{[/htm/userlogin.action]}" onto public java.lang.String cn.zxf.self.controllers.LoginController.userLogin(javax.servlet.http.HttpServletRequest)
2019-04-20 14:30:05.639  INFO 3004 --- [restartedMain] s.w.s.m.m.a.RequestMappingHandlerMapping : Mapped "{[/htm/main.htm]}" onto public java.lang.String cn.zxf.self.controllers.LoginController.userMain(javax.servlet.http.HttpServletRequest)
2019-04-20 14:30:05.640  INFO 3004 --- [restartedMain] s.w.s.m.m.a.RequestMappingHandlerMapping : Mapped "{[/htm/menu.htm],methods=[GET]}" onto public cn.zxf.self.dto.RestModel cn.zxf.self.controllers.LoginController.menu(javax.servlet.http.HttpSession,javax.servlet.http.HttpServletRequest,javax.servlet.http.HttpServletResponse)
2019-04-20 14:30:05.640  INFO 3004 --- [restartedMain] s.w.s.m.m.a.RequestMappingHandlerMapping : Mapped "{[/htm/registerMail.htm]}" onto public java.lang.String cn.zxf.self.controllers.LoginController.registerMail(javax.servlet.http.HttpServletRequest)
2019-04-20 14:30:05.641  INFO 3004 --- [restartedMain] s.w.s.m.m.a.RequestMappingHandlerMapping : Mapped "{[/htm/self.htm]}" onto public java.lang.String cn.zxf.self.controllers.LoginController.userSelf(javax.servlet.http.HttpSession)
2019-04-20 14:30:05.641  INFO 3004 --- [restartedMain] s.w.s.m.m.a.RequestMappingHandlerMapping : Mapped "{[/htm/registerUser.htm]}" onto public cn.zxf.self.dto.JsonModel cn.zxf.self.controllers.LoginController.registerAccount(cn.zxf.self.vo.RegisterUser,javax.servlet.http.HttpServletRequest)
2019-04-20 14:30:05.642  INFO 3004 --- [restartedMain] s.w.s.m.m.a.RequestMappingHandlerMapping : Mapped "{[/htm/logout.htm]}" onto public java.lang.String cn.zxf.self.controllers.LoginController.logout(javax.servlet.http.HttpSession,javax.servlet.http.HttpServletRequest,javax.servlet.http.HttpServletResponse)
2019-04-20 14:30:05.644  INFO 3004 --- [restartedMain] s.w.s.m.m.a.RequestMappingHandlerMapping : Mapped "{[/self/pay_success.action]}" onto public java.lang.String cn.zxf.self.controllers.OrderController.paySuccessHandler(javax.servlet.http.HttpServletRequest,org.springframework.ui.Model) throws java.lang.Exception
2019-04-20 14:30:05.645  INFO 3004 --- [restartedMain] s.w.s.m.m.a.RequestMappingHandlerMapping : Mapped "{[/user/addOrder.htm]}" onto public cn.zxf.self.vo.PagerModel cn.zxf.self.controllers.OrderController.addOrder(java.lang.Long,java.util.List<cn.zxf.self.entry.Recipes>)
2019-04-20 14:30:05.647  INFO 3004 --- [restartedMain] s.w.s.m.m.a.RequestMappingHandlerMapping : Mapped "{[/self/pay.action]}" onto public void cn.zxf.self.controllers.OrderController.payHandler(javax.servlet.http.HttpServletRequest,javax.servlet.http.HttpServletResponse,java.lang.Long,java.lang.String,java.lang.String) throws com.alipay.api.AlipayApiException,java.lang.Exception
2019-04-20 14:30:05.648  INFO 3004 --- [restartedMain] s.w.s.m.m.a.RequestMappingHandlerMapping : Mapped "{[/htm/download.htm]}" onto public void cn.zxf.self.controllers.OrderController.downloadProduct(java.lang.String,java.lang.String,java.lang.Long,javax.servlet.http.HttpServletResponse,javax.servlet.http.HttpSession,javax.servlet.http.HttpServletRequest) throws java.io.IOException
2019-04-20 14:30:05.651  INFO 3004 --- [restartedMain] s.w.s.m.m.a.RequestMappingHandlerMapping : Mapped "{[/htm/roleMain.htm]}" onto public java.lang.String cn.zxf.self.controllers.RoleController.roleMain(javax.servlet.http.HttpServletRequest)
2019-04-20 14:30:05.652  INFO 3004 --- [restartedMain] s.w.s.m.m.a.RequestMappingHandlerMapping : Mapped "{[/htm/manageRoleAddMod.htm]}" onto public cn.zxf.self.dto.RestModel cn.zxf.self.controllers.RoleController.manageRoleAdd(cn.zxf.self.vo.RoleFuncModel,javax.servlet.http.HttpServletRequest)
2019-04-20 14:30:05.654  INFO 3004 --- [restartedMain] s.w.s.m.m.a.RequestMappingHandlerMapping : Mapped "{[/htm/manageRoleList.htm]}" onto public cn.zxf.self.dto.RestModel cn.zxf.self.controllers.RoleController.manageRoleList(javax.servlet.http.HttpServletRequest)
2019-04-20 14:30:05.655  INFO 3004 --- [restartedMain] s.w.s.m.m.a.RequestMappingHandlerMapping : Mapped "{[/htm/manageFuncList.htm]}" onto public cn.zxf.self.dto.RestModel cn.zxf.self.controllers.RoleController.manageFuncList(javax.servlet.http.HttpServletRequest)
2019-04-20 14:30:05.659  INFO 3004 --- [restartedMain] s.w.s.m.m.a.RequestMappingHandlerMapping : Mapped "{[/htm/manageRoleDel.htm]}" onto public cn.zxf.self.dto.RestModel cn.zxf.self.controllers.RoleController.manageRoleDel(javax.servlet.http.HttpServletRequest,java.lang.Long)
2019-04-20 14:30:05.660  INFO 3004 --- [restartedMain] s.w.s.m.m.a.RequestMappingHandlerMapping : Mapped "{[/htm/manageRoleFuncList.htm]}" onto public cn.zxf.self.dto.RestModel cn.zxf.self.controllers.RoleController.getRoleFuncList(javax.servlet.http.HttpServletRequest,java.lang.Long)
2019-04-20 14:30:05.660  INFO 3004 --- [restartedMain] s.w.s.m.m.a.RequestMappingHandlerMapping : Mapped "{[/htm/manageRoleFunc.htm]}" onto public cn.zxf.self.dto.RestModel cn.zxf.self.controllers.RoleController.manageRoleFunc(javax.servlet.http.HttpServletRequest,cn.zxf.self.vo.RoleFuncModel)
2019-04-20 14:30:05.661  INFO 3004 --- [restartedMain] s.w.s.m.m.a.RequestMappingHandlerMapping : Mapped "{[/self/tolleyData.action]}" onto public cn.zxf.self.vo.PageMsg cn.zxf.self.controllers.SelfDataController.selfTolleyData(javax.servlet.http.HttpServletRequest,javax.servlet.http.HttpSession)
2019-04-20 14:30:05.662  INFO 3004 --- [restartedMain] s.w.s.m.m.a.RequestMappingHandlerMapping : Mapped "{[/htm/userinfo.htm]}" onto public java.lang.String cn.zxf.self.controllers.UserController.userInfo(javax.servlet.http.HttpServletRequest,javax.servlet.http.HttpServletResponse,javax.servlet.http.HttpSession)
2019-04-20 14:30:05.663  INFO 3004 --- [restartedMain] s.w.s.m.m.a.RequestMappingHandlerMapping : Mapped "{[/htm/resetUserPassword.htm]}" onto public cn.zxf.self.vo.PagerModel cn.zxf.self.controllers.UserController.resetUserPassword(javax.servlet.http.HttpServletRequest,java.util.List<java.lang.Long>)
2019-04-20 14:30:05.664  INFO 3004 --- [restartedMain] s.w.s.m.m.a.RequestMappingHandlerMapping : Mapped "{[/htm/manageRoleUsers.htm]}" onto public cn.zxf.self.dto.RestModel cn.zxf.self.controllers.UserController.userAllInfo(javax.servlet.http.HttpServletRequest,java.lang.Long)
2019-04-20 14:30:05.665  INFO 3004 --- [restartedMain] s.w.s.m.m.a.RequestMappingHandlerMapping : Mapped "{[/htm/modifyUserStatus.htm]}" onto public cn.zxf.self.vo.PagerModel cn.zxf.self.controllers.UserController.modifyUserStatus(javax.servlet.http.HttpServletRequest,java.lang.Long,java.lang.Integer)
2019-04-20 14:30:05.666  INFO 3004 --- [restartedMain] s.w.s.m.m.a.RequestMappingHandlerMapping : Mapped "{[/htm/userinfo_data.htm]}" onto public cn.zxf.self.vo.PageMsg cn.zxf.self.controllers.UserController.userInfoData(javax.servlet.http.HttpServletRequest,cn.zxf.self.vo.UserCondition)
2019-04-20 14:30:05.667  INFO 3004 --- [restartedMain] s.w.s.m.m.a.RequestMappingHandlerMapping : Mapped "{[/htm/modifyUserinfo.htm]}" onto public java.lang.String cn.zxf.self.controllers.UserController.modifyUserInfo(javax.servlet.http.HttpServletRequest,cn.zxf.self.entry.UserInfo)
2019-04-20 14:30:05.668  INFO 3004 --- [restartedMain] s.w.s.m.m.a.RequestMappingHandlerMapping : Mapped "{[/view/searchInedxData.action]}" onto public cn.zxf.self.vo.PageMsg cn.zxf.self.controllers.ViewDataController.mainViewData(javax.servlet.http.HttpServletRequest,javax.servlet.http.HttpSession)
2019-04-20 14:30:05.669  INFO 3004 --- [restartedMain] s.w.s.m.m.a.RequestMappingHandlerMapping : Mapped "{[/view/detailData.action]}" onto public java.lang.String cn.zxf.self.controllers.ViewDataController.dataDetial(java.lang.Long,javax.servlet.http.HttpServletRequest,javax.servlet.http.HttpServletResponse)
2019-04-20 14:30:05.669  INFO 3004 --- [restartedMain] s.w.s.m.m.a.RequestMappingHandlerMapping : Mapped "{[/]}" onto public java.lang.String cn.zxf.self.controllers.ViewDataController.indexView()
2019-04-20 14:30:05.670  INFO 3004 --- [restartedMain] s.w.s.m.m.a.RequestMappingHandlerMapping : Mapped "{[/self/addTolleyData.action]}" onto public cn.zxf.self.vo.PagerModel cn.zxf.self.controllers.ViewDataController.addTolleyData(cn.zxf.self.vo.UserOrder,javax.servlet.http.HttpServletRequest)
2019-04-20 14:30:05.675  INFO 3004 --- [restartedMain] s.w.s.m.m.a.RequestMappingHandlerMapping : Mapped "{[/error]}" onto public org.springframework.http.ResponseEntity<java.util.Map<java.lang.String, java.lang.Object>> org.springframework.boot.autoconfigure.web.servlet.error.BasicErrorController.error(javax.servlet.http.HttpServletRequest)
2019-04-20 14:30:05.676  INFO 3004 --- [restartedMain] s.w.s.m.m.a.RequestMappingHandlerMapping : Mapped "{[/error],produces=[text/html]}" onto public org.springframework.web.servlet.ModelAndView org.springframework.boot.autoconfigure.web.servlet.error.BasicErrorController.errorHtml(javax.servlet.http.HttpServletRequest,javax.servlet.http.HttpServletResponse)
2019-04-20 14:30:05.736  INFO 3004 --- [restartedMain] o.s.w.s.handler.SimpleUrlHandlerMapping  : Mapped URL path [/webjars/**] onto handler of type [class org.springframework.web.servlet.resource.ResourceHttpRequestHandler]
2019-04-20 14:30:05.736  INFO 3004 --- [restartedMain] o.s.w.s.handler.SimpleUrlHandlerMapping  : Mapped URL path [/**] onto handler of type [class org.springframework.web.servlet.resource.ResourceHttpRequestHandler]
2019-04-20 14:30:05.849  WARN 3004 --- [restartedMain] org.thymeleaf.templatemode.TemplateMode  : [THYMELEAF][restartedMain] Template Mode 'HTML5' is deprecated. Using Template Mode 'HTML' instead.
2019-04-20 14:30:05.945  INFO 3004 --- [restartedMain] o.s.b.a.w.s.WelcomePageHandlerMapping    : Adding welcome page: class path resource [static/index.html]
2019-04-20 14:30:09.067  INFO 3004 --- [restartedMain] o.s.b.d.a.OptionalLiveReloadServer       : LiveReload server is running on port 35729
2019-04-20 14:30:09.184  INFO 3004 --- [restartedMain] o.s.w.s.s.s.ServerEndpointExporter       : Registering @ServerEndpoint class: class cn.zxf.self.config.WebSocketServerEndpoint
2019-04-20 14:30:09.218  INFO 3004 --- [restartedMain] o.s.j.e.a.AnnotationMBeanExporter        : Registering beans for JMX exposure on startup
2019-04-20 14:30:09.223  INFO 3004 --- [restartedMain] o.s.j.e.a.AnnotationMBeanExporter        : Bean with name 'statFilter' has been autodetected for JMX exposure
2019-04-20 14:30:09.224  INFO 3004 --- [restartedMain] o.s.j.e.a.AnnotationMBeanExporter        : Bean with name 'wallConfig' has been autodetected for JMX exposure
2019-04-20 14:30:09.224  INFO 3004 --- [restartedMain] o.s.j.e.a.AnnotationMBeanExporter        : Bean with name 'wallFilter' has been autodetected for JMX exposure
2019-04-20 14:30:09.225  INFO 3004 --- [restartedMain] o.s.j.e.a.AnnotationMBeanExporter        : Bean with name 'dataSource' has been autodetected for JMX exposure
2019-04-20 14:30:09.255  INFO 3004 --- [restartedMain] o.s.j.e.a.AnnotationMBeanExporter        : Bean with name 'rabbitConnectionFactory' has been autodetected for JMX exposure
2019-04-20 14:30:09.268  INFO 3004 --- [restartedMain] o.s.j.e.a.AnnotationMBeanExporter        : Located MBean 'wallConfig': registering with JMX server as MBean [com.alibaba.druid.wall:name=wallConfig,type=WallConfig]
2019-04-20 14:30:09.275  INFO 3004 --- [restartedMain] o.s.j.e.a.AnnotationMBeanExporter        : Located MBean 'wallFilter': registering with JMX server as MBean [com.alibaba.druid.wall:name=wallFilter,type=WallFilter]
2019-04-20 14:30:09.296  INFO 3004 --- [restartedMain] o.s.j.e.a.AnnotationMBeanExporter        : Located MBean 'dataSource': registering with JMX server as MBean [com.alibaba.druid.spring.boot.autoconfigure:name=dataSource,type=DruidDataSourceWrapper]
2019-04-20 14:30:09.298  INFO 3004 --- [restartedMain] o.s.j.e.a.AnnotationMBeanExporter        : Located managed bean 'rabbitConnectionFactory': registering with JMX server as MBean [org.springframework.amqp.rabbit.connection:name=rabbitConnectionFactory,type=CachingConnectionFactory]
2019-04-20 14:30:09.366  INFO 3004 --- [restartedMain] o.s.j.e.a.AnnotationMBeanExporter        : Located MBean 'statFilter': registering with JMX server as MBean [com.alibaba.druid.filter.stat:name=statFilter,type=StatFilter]
2019-04-20 14:30:09.386  INFO 3004 --- [restartedMain] o.s.c.support.DefaultLifecycleProcessor  : Starting beans in phase 2147483647
2019-04-20 14:30:09.399  INFO 3004 --- [SimpleAsyncTaskExecutor-1] o.s.a.r.c.CachingConnectionFactory       : Attempting to connect to: [127.0.0.1:5672]
2019-04-20 14:30:09.490  INFO 3004 --- [SimpleAsyncTaskExecutor-1] o.s.a.r.c.CachingConnectionFactory       : Created new connection: rabbitConnectionFactory#1eecc423:0/SimpleConnection@35aa6804 [delegate=amqp://guest@127.0.0.1:5672/, localPort= 49264]
2019-04-20 14:30:09.909  INFO 3004 --- [restartedMain] o.s.b.w.embedded.tomcat.TomcatWebServer  : Tomcat started on port(s): 8888 (http) with context path ''
2019-04-20 14:30:09.931  INFO 3004 --- [restartedMain] cn.zxf.self.FoodStoreWebApplication      : Started FoodStoreWebApplication in 29.112 seconds (JVM running for 35.248)
2019-04-20 14:30:25.812  INFO 3004 --- [http-nio-8888-exec-3] o.a.c.c.C.[Tomcat].[localhost].[/]       : Initializing Spring FrameworkServlet 'dispatcherServlet'
2019-04-20 14:30:25.813  INFO 3004 --- [http-nio-8888-exec-3] o.s.web.servlet.DispatcherServlet        : FrameworkServlet 'dispatcherServlet': initialization started
2019-04-20 14:30:25.861  INFO 3004 --- [http-nio-8888-exec-3] o.s.web.servlet.DispatcherServlet        : FrameworkServlet 'dispatcherServlet': initialization completed in 48 ms
2019-04-20 14:30:30.990  INFO 3004 --- [http-nio-8888-exec-9] c.z.self.controllers.ViewDataController  : /view/searchInedxData.action
2019-04-20 14:30:31.266 DEBUG 3004 --- [http-nio-8888-exec-9] c.z.s.m.O.selectMaxCountRecipes          : ==>  Preparing: select recipes_id from ( select recipes_id ,count(recipes_id) from order_recipes_rel group by recipes_id order by count(recipes_id) desc ) s1 
2019-04-20 14:30:31.470 DEBUG 3004 --- [http-nio-8888-exec-9] c.z.s.m.O.selectMaxCountRecipes          : ==> Parameters: 
2019-04-20 14:30:33.301 DEBUG 3004 --- [http-nio-8888-exec-9] c.z.s.m.O.selectMaxCountRecipes          : <==      Total: 4
2019-04-20 14:30:33.309 DEBUG 3004 --- [http-nio-8888-exec-9] c.z.s.m.R.selectByPrimaryKey             : ==>  Preparing: select id, food_name, food_type, food_price, food_status, food_cuisine, food_key, food_introduce, food_img_url from recipes where id = ? 
2019-04-20 14:30:33.399 DEBUG 3004 --- [http-nio-8888-exec-9] c.z.s.m.R.selectByPrimaryKey             : ==> Parameters: 1(Integer)
2019-04-20 14:30:34.251 DEBUG 3004 --- [http-nio-8888-exec-9] c.z.s.m.R.selectByPrimaryKey             : <==      Total: 1
2019-04-20 14:30:34.255 DEBUG 3004 --- [http-nio-8888-exec-9] c.z.s.m.R.selectByPrimaryKey             : ==>  Preparing: select id, food_name, food_type, food_price, food_status, food_cuisine, food_key, food_introduce, food_img_url from recipes where id = ? 
2019-04-20 14:30:34.258 DEBUG 3004 --- [http-nio-8888-exec-9] c.z.s.m.R.selectByPrimaryKey             : ==> Parameters: 6(Integer)
2019-04-20 14:30:34.264 DEBUG 3004 --- [http-nio-8888-exec-9] c.z.s.m.R.selectByPrimaryKey             : <==      Total: 1
2019-04-20 14:30:34.266 DEBUG 3004 --- [http-nio-8888-exec-9] c.z.s.m.R.selectByPrimaryKey             : ==>  Preparing: select id, food_name, food_type, food_price, food_status, food_cuisine, food_key, food_introduce, food_img_url from recipes where id = ? 
2019-04-20 14:30:34.267 DEBUG 3004 --- [http-nio-8888-exec-9] c.z.s.m.R.selectByPrimaryKey             : ==> Parameters: 11(Integer)
2019-04-20 14:30:34.297 DEBUG 3004 --- [http-nio-8888-exec-9] c.z.s.m.R.selectByPrimaryKey             : <==      Total: 1
2019-04-20 14:30:34.299 DEBUG 3004 --- [http-nio-8888-exec-9] c.z.s.m.R.selectByPrimaryKey             : ==>  Preparing: select id, food_name, food_type, food_price, food_status, food_cuisine, food_key, food_introduce, food_img_url from recipes where id = ? 
2019-04-20 14:30:34.303 DEBUG 3004 --- [http-nio-8888-exec-9] c.z.s.m.R.selectByPrimaryKey             : ==> Parameters: 12(Integer)
2019-04-20 14:30:34.309 DEBUG 3004 --- [http-nio-8888-exec-9] c.z.s.m.R.selectByPrimaryKey             : <==      Total: 1
2019-04-20 14:31:03.358  INFO 3004 --- [http-nio-8888-exec-5] cn.zxf.self.controllers.LoginController  : url:/htm/loginManagerAccount.htm
2019-04-20 14:31:03.359  INFO 3004 --- [http-nio-8888-exec-5] cn.zxf.self.controllers.LoginController  : 验证码：Y7C6
2019-04-20 14:31:03.426 DEBUG 3004 --- [http-nio-8888-exec-5] c.z.s.m.UserInfoMapper.selectByExample   : ==>  Preparing: select user_id, user_name, account_name, account_password, user_email, user_realname, user_birthday, user_sex, user_phone, user_address, user_flag, create_time, modify_time from user_info WHERE ( account_name = ? and account_password = ? and user_flag = ? ) 
2019-04-20 14:31:03.435 DEBUG 3004 --- [http-nio-8888-exec-5] c.z.s.m.UserInfoMapper.selectByExample   : ==> Parameters: admin_zxf(String), 25f9e794323b453885f5181f1b624d0b(String), 1(Integer)
2019-04-20 14:31:03.796 DEBUG 3004 --- [http-nio-8888-exec-5] c.z.s.m.UserInfoMapper.selectByExample   : <==      Total: 1
2019-04-20 14:31:03.808  INFO 3004 --- [http-nio-8888-exec-5] cn.zxf.self.controllers.LoginController  : 登录用户：admin,账户：admin_zxf
2019-04-20 14:31:03.808  INFO 3004 --- [http-nio-8888-exec-5] cn.zxf.self.controllers.LoginController  : 返回信息:cn.zxf.self.dto.JsonModel@3f7fdcdc
2019-04-20 14:31:04.288  INFO 3004 --- [http-nio-8888-exec-7] c.z.self.controllers.ViewDataController  : /view/searchInedxData.action
2019-04-20 14:31:04.288 DEBUG 3004 --- [http-nio-8888-exec-7] c.z.s.m.O.selectMaxCountRecipes          : ==>  Preparing: select recipes_id from ( select recipes_id ,count(recipes_id) from order_recipes_rel group by recipes_id order by count(recipes_id) desc ) s1 
2019-04-20 14:31:04.288 DEBUG 3004 --- [http-nio-8888-exec-7] c.z.s.m.O.selectMaxCountRecipes          : ==> Parameters: 
2019-04-20 14:31:04.374 DEBUG 3004 --- [http-nio-8888-exec-7] c.z.s.m.O.selectMaxCountRecipes          : <==      Total: 4
2019-04-20 14:31:04.375 DEBUG 3004 --- [http-nio-8888-exec-7] c.z.s.m.R.selectByPrimaryKey             : ==>  Preparing: select id, food_name, food_type, food_price, food_status, food_cuisine, food_key, food_introduce, food_img_url from recipes where id = ? 
2019-04-20 14:31:04.375 DEBUG 3004 --- [http-nio-8888-exec-7] c.z.s.m.R.selectByPrimaryKey             : ==> Parameters: 1(Integer)
2019-04-20 14:31:04.377 DEBUG 3004 --- [http-nio-8888-exec-7] c.z.s.m.R.selectByPrimaryKey             : <==      Total: 1
2019-04-20 14:31:04.378 DEBUG 3004 --- [http-nio-8888-exec-7] c.z.s.m.R.selectByPrimaryKey             : ==>  Preparing: select id, food_name, food_type, food_price, food_status, food_cuisine, food_key, food_introduce, food_img_url from recipes where id = ? 
2019-04-20 14:31:04.380 DEBUG 3004 --- [http-nio-8888-exec-7] c.z.s.m.R.selectByPrimaryKey             : ==> Parameters: 6(Integer)
2019-04-20 14:31:04.385 DEBUG 3004 --- [http-nio-8888-exec-7] c.z.s.m.R.selectByPrimaryKey             : <==      Total: 1
2019-04-20 14:31:04.386 DEBUG 3004 --- [http-nio-8888-exec-7] c.z.s.m.R.selectByPrimaryKey             : ==>  Preparing: select id, food_name, food_type, food_price, food_status, food_cuisine, food_key, food_introduce, food_img_url from recipes where id = ? 
2019-04-20 14:31:04.386 DEBUG 3004 --- [http-nio-8888-exec-7] c.z.s.m.R.selectByPrimaryKey             : ==> Parameters: 11(Integer)
2019-04-20 14:31:04.387 DEBUG 3004 --- [http-nio-8888-exec-7] c.z.s.m.R.selectByPrimaryKey             : <==      Total: 1
2019-04-20 14:31:04.388 DEBUG 3004 --- [http-nio-8888-exec-7] c.z.s.m.R.selectByPrimaryKey             : ==>  Preparing: select id, food_name, food_type, food_price, food_status, food_cuisine, food_key, food_introduce, food_img_url from recipes where id = ? 
2019-04-20 14:31:04.388 DEBUG 3004 --- [http-nio-8888-exec-7] c.z.s.m.R.selectByPrimaryKey             : ==> Parameters: 12(Integer)
2019-04-20 14:31:04.391 DEBUG 3004 --- [http-nio-8888-exec-7] c.z.s.m.R.selectByPrimaryKey             : <==      Total: 1
2019-04-20 14:38:40.169  INFO 1088 --- [restartedMain] cn.zxf.self.FoodStoreWebApplication      : Starting FoodStoreWebApplication on zxf with PID 1088 (E:\sourceTreeWork\foodstore\foodstore_web\target\classes started by zxf in E:\sourceTreeWork\foodstore)
2019-04-20 14:38:40.171  INFO 1088 --- [restartedMain] cn.zxf.self.FoodStoreWebApplication      : No active profile set, falling back to default profiles: default
2019-04-20 14:38:40.245  INFO 1088 --- [restartedMain] ConfigServletWebServerApplicationContext : Refreshing org.springframework.boot.web.servlet.context.AnnotationConfigServletWebServerApplicationContext@50e6e187: startup date [Sat Apr 20 14:38:40 CST 2019]; root of context hierarchy
2019-04-20 14:38:43.608  INFO 1088 --- [restartedMain] o.s.b.f.s.DefaultListableBeanFactory     : Overriding bean definition for bean 'hiddenHttpMethodFilter' with a different definition: replacing [Root bean: class [null]; scope=; abstract=false; lazyInit=false; autowireMode=3; dependencyCheck=0; autowireCandidate=true; primary=false; factoryBeanName=rabbitmqConfiguration; factoryMethodName=hiddenHttpMethodFilter; initMethodName=null; destroyMethodName=(inferred); defined in class path resource [cn/zxf/self/config/RabbitmqConfiguration.class]] with [Root bean: class [null]; scope=; abstract=false; lazyInit=false; autowireMode=3; dependencyCheck=0; autowireCandidate=true; primary=false; factoryBeanName=org.springframework.boot.autoconfigure.web.servlet.WebMvcAutoConfiguration; factoryMethodName=hiddenHttpMethodFilter; initMethodName=null; destroyMethodName=(inferred); defined in class path resource [org/springframework/boot/autoconfigure/web/servlet/WebMvcAutoConfiguration.class]]
2019-04-20 14:38:43.746  INFO 1088 --- [restartedMain] .s.d.r.c.RepositoryConfigurationDelegate : Multiple Spring Data modules found, entering strict repository configuration mode!
2019-04-20 14:38:44.295  INFO 1088 --- [restartedMain] trationDelegate$BeanPostProcessorChecker : Bean 'org.springframework.amqp.rabbit.annotation.RabbitBootstrapConfiguration' of type [org.springframework.amqp.rabbit.annotation.RabbitBootstrapConfiguration$$EnhancerBySpringCGLIB$$25c59735] is not eligible for getting processed by all BeanPostProcessors (for example: not eligible for auto-proxying)
2019-04-20 14:38:44.424  INFO 1088 --- [restartedMain] trationDelegate$BeanPostProcessorChecker : Bean 'org.springframework.transaction.annotation.ProxyTransactionManagementConfiguration' of type [org.springframework.transaction.annotation.ProxyTransactionManagementConfiguration$$EnhancerBySpringCGLIB$$5f59d907] is not eligible for getting processed by all BeanPostProcessors (for example: not eligible for auto-proxying)
2019-04-20 14:38:48.736  INFO 1088 --- [restartedMain] o.s.b.w.embedded.tomcat.TomcatWebServer  : Tomcat initialized with port(s): 8888 (http)
2019-04-20 14:38:48.827  INFO 1088 --- [restartedMain] o.apache.catalina.core.StandardService   : Starting service [Tomcat]
2019-04-20 14:38:48.828  INFO 1088 --- [restartedMain] org.apache.catalina.core.StandardEngine  : Starting Servlet Engine: Apache Tomcat/8.5.37
2019-04-20 14:38:48.845  INFO 1088 --- [localhost-startStop-1] o.a.catalina.core.AprLifecycleListener   : The APR based Apache Tomcat Native library which allows optimal performance in production environments was not found on the java.library.path: [E:\java\bin;C:\WINDOWS\Sun\Java\bin;C:\WINDOWS\system32;C:\WINDOWS;C:\Program Files (x86)\Common Files\Oracle\Java\javapath;D:\python\Scripts\;D:\python\;D:\app\zxf\product\11.2.0\dbhome_1\bin;C:\WINDOWS\system32;C:\WINDOWS;C:\WINDOWS\System32\Wbem;C:\WINDOWS\System32\WindowsPowerShell\v1.0\;C:\Program Files (x86)\ATI Technologies\ATI.ACE\Core-Static;E:\java\bin;E:\apache-tomcat-8.5.20;E:\mysql-5.7.19-winx64\mysql-5.7.19-winx64\bin;E:\apache-maven-3.5.3\bin;D:\anaconda\Scripts;E:\jre\bin;C:\ProgramData\chocolatey\bin;E:\pandoc\pandoc-2.3.1-windows-x86_64\;D:\SVN\bin;E:\rabbitmq\rabbitmq_server-3.7.13\sbin,E:\Erlang\erl10.3\bin;D:\Fiddler;E:\mycat\bin;E:\rabbitmq\rabbitmq_server-3.7.13\sbin;E:\Erlang\erl10.3\bin;.]
2019-04-20 14:38:49.039  INFO 1088 --- [localhost-startStop-1] o.a.c.c.C.[Tomcat].[localhost].[/]       : Initializing Spring embedded WebApplicationContext
2019-04-20 14:38:49.039  INFO 1088 --- [localhost-startStop-1] o.s.web.context.ContextLoader            : Root WebApplicationContext: initialization completed in 8794 ms
2019-04-20 14:38:49.214  INFO 1088 --- [localhost-startStop-1] o.s.b.w.servlet.ServletRegistrationBean  : Servlet dispatcherServlet mapped to [/]
2019-04-20 14:38:49.217  INFO 1088 --- [localhost-startStop-1] o.s.b.w.servlet.ServletRegistrationBean  : Servlet statViewServlet mapped to [/druid/*]
2019-04-20 14:38:49.223  INFO 1088 --- [localhost-startStop-1] o.s.b.w.servlet.FilterRegistrationBean   : Mapping filter: 'characterEncodingFilter' to: [/*]
2019-04-20 14:38:49.224  INFO 1088 --- [localhost-startStop-1] o.s.b.w.servlet.FilterRegistrationBean   : Mapping filter: 'hiddenHttpMethodFilter' to: [/*]
2019-04-20 14:38:49.224  INFO 1088 --- [localhost-startStop-1] o.s.b.w.servlet.FilterRegistrationBean   : Mapping filter: 'httpPutFormContentFilter' to: [/*]
2019-04-20 14:38:49.224  INFO 1088 --- [localhost-startStop-1] o.s.b.w.servlet.FilterRegistrationBean   : Mapping filter: 'requestContextFilter' to: [/*]
2019-04-20 14:38:49.224  INFO 1088 --- [localhost-startStop-1] o.s.b.w.servlet.FilterRegistrationBean   : Mapping filter: 'webStatFilter' to urls: [/*]
2019-04-20 14:38:49.761  INFO 1088 --- [restartedMain] c.a.d.s.b.a.DruidDataSourceAutoConfigure : Init DruidDataSource
2019-04-20 14:38:51.358  INFO 1088 --- [restartedMain] com.alibaba.druid.pool.DruidDataSource   : {dataSource-1} inited
2019-04-20 14:38:52.680  WARN 1088 --- [restartedMain] o.s.a.r.l.SimpleMessageListenerContainer : It is preferred to configure the message converter via the endpoint. See RabbitListenerEndpoint.setMessageConverter
2019-04-20 14:38:52.809  INFO 1088 --- [restartedMain] o.s.w.s.handler.SimpleUrlHandlerMapping  : Mapped URL path [/**/favicon.ico] onto handler of type [class org.springframework.web.servlet.resource.ResourceHttpRequestHandler]
2019-04-20 14:38:53.121  INFO 1088 --- [restartedMain] s.w.s.m.m.a.RequestMappingHandlerAdapter : Looking for @ControllerAdvice: org.springframework.boot.web.servlet.context.AnnotationConfigServletWebServerApplicationContext@50e6e187: startup date [Sat Apr 20 14:38:40 CST 2019]; root of context hierarchy
2019-04-20 14:38:53.195  INFO 1088 --- [restartedMain] s.w.s.m.m.a.RequestMappingHandlerMapping : Mapped "{[/htm/cookerOrderInfo.htm]}" onto public java.lang.String cn.zxf.self.controllers.FoodController.cookerMain()
2019-04-20 14:38:53.198  INFO 1088 --- [restartedMain] s.w.s.m.m.a.RequestMappingHandlerMapping : Mapped "{[/htm/modifyFoodStatus.htm],methods=[GET]}" onto public cn.zxf.self.vo.PagerModel cn.zxf.self.controllers.FoodController.modifyFoodStatus(javax.servlet.http.HttpServletRequest)
2019-04-20 14:38:53.199  INFO 1088 --- [restartedMain] s.w.s.m.m.a.RequestMappingHandlerMapping : Mapped "{[/htm/foodInfo.htm]}" onto public java.lang.String cn.zxf.self.controllers.FoodController.foodMain(javax.servlet.http.HttpServletRequest)
2019-04-20 14:38:53.199  INFO 1088 --- [restartedMain] s.w.s.m.m.a.RequestMappingHandlerMapping : Mapped "{[/htm/modifyFood.htm]}" onto public cn.zxf.self.vo.PagerModel cn.zxf.self.controllers.FoodController.modifyFoodInfo(javax.servlet.http.HttpServletRequest,cn.zxf.self.entry.Recipes)
2019-04-20 14:38:53.200  INFO 1088 --- [restartedMain] s.w.s.m.m.a.RequestMappingHandlerMapping : Mapped "{[/htm/foodInfoData.htm]}" onto public cn.zxf.self.vo.PageMsg cn.zxf.self.controllers.FoodController.foodAllInfo(javax.servlet.http.HttpServletRequest)
2019-04-20 14:38:53.200  INFO 1088 --- [restartedMain] s.w.s.m.m.a.RequestMappingHandlerMapping : Mapped "{[/htm/addFoodInfo.htm]}" onto public cn.zxf.self.vo.PagerModel cn.zxf.self.controllers.FoodController.addFoodInfo(javax.servlet.http.HttpServletRequest,cn.zxf.self.entry.Recipes)
2019-04-20 14:38:53.200  INFO 1088 --- [restartedMain] s.w.s.m.m.a.RequestMappingHandlerMapping : Mapped "{[/htm/searchRecipesByOrder.htm]}" onto public cn.zxf.self.vo.PageMsg cn.zxf.self.controllers.FoodController.searchRecipesByOrder(javax.servlet.http.HttpServletRequest,javax.servlet.http.HttpSession)
2019-04-20 14:38:53.204  INFO 1088 --- [restartedMain] s.w.s.m.m.a.RequestMappingHandlerMapping : Mapped "{[/htm/userlogin.action]}" onto public java.lang.String cn.zxf.self.controllers.LoginController.userLogin(javax.servlet.http.HttpServletRequest)
2019-04-20 14:38:53.205  INFO 1088 --- [restartedMain] s.w.s.m.m.a.RequestMappingHandlerMapping : Mapped "{[/htm/menu.htm],methods=[GET]}" onto public cn.zxf.self.dto.RestModel cn.zxf.self.controllers.LoginController.menu(javax.servlet.http.HttpSession,javax.servlet.http.HttpServletRequest,javax.servlet.http.HttpServletResponse)
2019-04-20 14:38:53.206  INFO 1088 --- [restartedMain] s.w.s.m.m.a.RequestMappingHandlerMapping : Mapped "{[/htm/registerUser.htm]}" onto public cn.zxf.self.dto.JsonModel cn.zxf.self.controllers.LoginController.registerAccount(cn.zxf.self.vo.RegisterUser,javax.servlet.http.HttpServletRequest)
2019-04-20 14:38:53.206  INFO 1088 --- [restartedMain] s.w.s.m.m.a.RequestMappingHandlerMapping : Mapped "{[/htm/main.htm]}" onto public java.lang.String cn.zxf.self.controllers.LoginController.userMain(javax.servlet.http.HttpServletRequest)
2019-04-20 14:38:53.206  INFO 1088 --- [restartedMain] s.w.s.m.m.a.RequestMappingHandlerMapping : Mapped "{[/htm/self.htm]}" onto public java.lang.String cn.zxf.self.controllers.LoginController.userSelf(javax.servlet.http.HttpSession)
2019-04-20 14:38:53.207  INFO 1088 --- [restartedMain] s.w.s.m.m.a.RequestMappingHandlerMapping : Mapped "{[/htm/registerMail.htm]}" onto public java.lang.String cn.zxf.self.controllers.LoginController.registerMail(javax.servlet.http.HttpServletRequest)
2019-04-20 14:38:53.207  INFO 1088 --- [restartedMain] s.w.s.m.m.a.RequestMappingHandlerMapping : Mapped "{[/htm/verifyCode.htm]}" onto public void cn.zxf.self.controllers.LoginController.verifyCode(javax.servlet.http.HttpSession,javax.servlet.http.HttpServletRequest,javax.servlet.http.HttpServletResponse) throws java.io.IOException
2019-04-20 14:38:53.207  INFO 1088 --- [restartedMain] s.w.s.m.m.a.RequestMappingHandlerMapping : Mapped "{[/htm/register.htm]}" onto public java.lang.String cn.zxf.self.controllers.LoginController.registerUser(javax.servlet.http.HttpSession,javax.servlet.http.HttpServletRequest,javax.servlet.http.HttpServletResponse)
2019-04-20 14:38:53.208  INFO 1088 --- [restartedMain] s.w.s.m.m.a.RequestMappingHandlerMapping : Mapped "{[/htm/login.htm]}" onto public java.lang.String cn.zxf.self.controllers.LoginController.login(javax.servlet.http.HttpSession,javax.servlet.http.HttpServletRequest,javax.servlet.http.HttpServletResponse)
2019-04-20 14:38:53.208  INFO 1088 --- [restartedMain] s.w.s.m.m.a.RequestMappingHandlerMapping : Mapped "{[/htm/logout.htm]}" onto public java.lang.String cn.zxf.self.controllers.LoginController.logout(javax.servlet.http.HttpSession,javax.servlet.http.HttpServletRequest,javax.servlet.http.HttpServletResponse)
2019-04-20 14:38:53.208  INFO 1088 --- [restartedMain] s.w.s.m.m.a.RequestMappingHandlerMapping : Mapped "{[/htm/loginManagerAccount.htm]}" onto public cn.zxf.self.dto.JsonModel cn.zxf.self.controllers.LoginController.loginManagerAccount(javax.servlet.http.HttpServletRequest,javax.servlet.http.HttpSession,javax.servlet.http.HttpServletResponse)
2019-04-20 14:38:53.209  INFO 1088 --- [restartedMain] s.w.s.m.m.a.RequestMappingHandlerMapping : Mapped "{[/htm/download.htm]}" onto public void cn.zxf.self.controllers.OrderController.downloadProduct(java.lang.String,java.lang.String,java.lang.Long,javax.servlet.http.HttpServletResponse,javax.servlet.http.HttpSession,javax.servlet.http.HttpServletRequest) throws java.io.IOException
2019-04-20 14:38:53.210  INFO 1088 --- [restartedMain] s.w.s.m.m.a.RequestMappingHandlerMapping : Mapped "{[/self/pay.action]}" onto public void cn.zxf.self.controllers.OrderController.payHandler(javax.servlet.http.HttpServletRequest,javax.servlet.http.HttpServletResponse,java.lang.Long,java.lang.String,java.lang.String) throws com.alipay.api.AlipayApiException,java.lang.Exception
2019-04-20 14:38:53.210  INFO 1088 --- [restartedMain] s.w.s.m.m.a.RequestMappingHandlerMapping : Mapped "{[/user/addOrder.htm]}" onto public cn.zxf.self.vo.PagerModel cn.zxf.self.controllers.OrderController.addOrder(java.lang.Long,java.util.List<cn.zxf.self.entry.Recipes>)
2019-04-20 14:38:53.211  INFO 1088 --- [restartedMain] s.w.s.m.m.a.RequestMappingHandlerMapping : Mapped "{[/self/pay_success.action]}" onto public java.lang.String cn.zxf.self.controllers.OrderController.paySuccessHandler(javax.servlet.http.HttpServletRequest,org.springframework.ui.Model) throws java.lang.Exception
2019-04-20 14:38:53.212  INFO 1088 --- [restartedMain] s.w.s.m.m.a.RequestMappingHandlerMapping : Mapped "{[/htm/manageFuncList.htm]}" onto public cn.zxf.self.dto.RestModel cn.zxf.self.controllers.RoleController.manageFuncList(javax.servlet.http.HttpServletRequest)
2019-04-20 14:38:53.212  INFO 1088 --- [restartedMain] s.w.s.m.m.a.RequestMappingHandlerMapping : Mapped "{[/htm/manageRoleList.htm]}" onto public cn.zxf.self.dto.RestModel cn.zxf.self.controllers.RoleController.manageRoleList(javax.servlet.http.HttpServletRequest)
2019-04-20 14:38:53.213  INFO 1088 --- [restartedMain] s.w.s.m.m.a.RequestMappingHandlerMapping : Mapped "{[/htm/manageRoleFuncList.htm]}" onto public cn.zxf.self.dto.RestModel cn.zxf.self.controllers.RoleController.getRoleFuncList(javax.servlet.http.HttpServletRequest,java.lang.Long)
2019-04-20 14:38:53.213  INFO 1088 --- [restartedMain] s.w.s.m.m.a.RequestMappingHandlerMapping : Mapped "{[/htm/manageRoleAddMod.htm]}" onto public cn.zxf.self.dto.RestModel cn.zxf.self.controllers.RoleController.manageRoleAdd(cn.zxf.self.vo.RoleFuncModel,javax.servlet.http.HttpServletRequest)
2019-04-20 14:38:53.213  INFO 1088 --- [restartedMain] s.w.s.m.m.a.RequestMappingHandlerMapping : Mapped "{[/htm/manageRoleFunc.htm]}" onto public cn.zxf.self.dto.RestModel cn.zxf.self.controllers.RoleController.manageRoleFunc(javax.servlet.http.HttpServletRequest,cn.zxf.self.vo.RoleFuncModel)
2019-04-20 14:38:53.214  INFO 1088 --- [restartedMain] s.w.s.m.m.a.RequestMappingHandlerMapping : Mapped "{[/htm/roleMain.htm]}" onto public java.lang.String cn.zxf.self.controllers.RoleController.roleMain(javax.servlet.http.HttpServletRequest)
2019-04-20 14:38:53.214  INFO 1088 --- [restartedMain] s.w.s.m.m.a.RequestMappingHandlerMapping : Mapped "{[/htm/manageRoleDel.htm]}" onto public cn.zxf.self.dto.RestModel cn.zxf.self.controllers.RoleController.manageRoleDel(javax.servlet.http.HttpServletRequest,java.lang.Long)
2019-04-20 14:38:53.215  INFO 1088 --- [restartedMain] s.w.s.m.m.a.RequestMappingHandlerMapping : Mapped "{[/self/tolleyData.action]}" onto public cn.zxf.self.vo.PageMsg cn.zxf.self.controllers.SelfDataController.selfTolleyData(javax.servlet.http.HttpServletRequest,javax.servlet.http.HttpSession)
2019-04-20 14:38:53.216  INFO 1088 --- [restartedMain] s.w.s.m.m.a.RequestMappingHandlerMapping : Mapped "{[/htm/userinfo.htm]}" onto public java.lang.String cn.zxf.self.controllers.UserController.userInfo(javax.servlet.http.HttpServletRequest,javax.servlet.http.HttpServletResponse,javax.servlet.http.HttpSession)
2019-04-20 14:38:53.216  INFO 1088 --- [restartedMain] s.w.s.m.m.a.RequestMappingHandlerMapping : Mapped "{[/htm/modifyUserStatus.htm]}" onto public cn.zxf.self.vo.PagerModel cn.zxf.self.controllers.UserController.modifyUserStatus(javax.servlet.http.HttpServletRequest,java.lang.Long,java.lang.Integer)
2019-04-20 14:38:53.217  INFO 1088 --- [restartedMain] s.w.s.m.m.a.RequestMappingHandlerMapping : Mapped "{[/htm/manageRoleUsers.htm]}" onto public cn.zxf.self.dto.RestModel cn.zxf.self.controllers.UserController.userAllInfo(javax.servlet.http.HttpServletRequest,java.lang.Long)
2019-04-20 14:38:53.217  INFO 1088 --- [restartedMain] s.w.s.m.m.a.RequestMappingHandlerMapping : Mapped "{[/htm/modifyUserinfo.htm]}" onto public java.lang.String cn.zxf.self.controllers.UserController.modifyUserInfo(javax.servlet.http.HttpServletRequest,cn.zxf.self.entry.UserInfo)
2019-04-20 14:38:53.218  INFO 1088 --- [restartedMain] s.w.s.m.m.a.RequestMappingHandlerMapping : Mapped "{[/htm/userinfo_data.htm]}" onto public cn.zxf.self.vo.PageMsg cn.zxf.self.controllers.UserController.userInfoData(javax.servlet.http.HttpServletRequest,cn.zxf.self.vo.UserCondition)
2019-04-20 14:38:53.218  INFO 1088 --- [restartedMain] s.w.s.m.m.a.RequestMappingHandlerMapping : Mapped "{[/htm/resetUserPassword.htm]}" onto public cn.zxf.self.vo.PagerModel cn.zxf.self.controllers.UserController.resetUserPassword(javax.servlet.http.HttpServletRequest,java.util.List<java.lang.Long>)
2019-04-20 14:38:53.219  INFO 1088 --- [restartedMain] s.w.s.m.m.a.RequestMappingHandlerMapping : Mapped "{[/view/searchInedxData.action]}" onto public cn.zxf.self.vo.PageMsg cn.zxf.self.controllers.ViewDataController.mainViewData(javax.servlet.http.HttpServletRequest,javax.servlet.http.HttpSession)
2019-04-20 14:38:53.219  INFO 1088 --- [restartedMain] s.w.s.m.m.a.RequestMappingHandlerMapping : Mapped "{[/view/detailData.action]}" onto public java.lang.String cn.zxf.self.controllers.ViewDataController.dataDetial(java.lang.Long,javax.servlet.http.HttpServletRequest,javax.servlet.http.HttpServletResponse)
2019-04-20 14:38:53.220  INFO 1088 --- [restartedMain] s.w.s.m.m.a.RequestMappingHandlerMapping : Mapped "{[/self/addTolleyData.action]}" onto public cn.zxf.self.vo.PagerModel cn.zxf.self.controllers.ViewDataController.addTolleyData(cn.zxf.self.vo.UserOrder,javax.servlet.http.HttpServletRequest)
2019-04-20 14:38:53.220  INFO 1088 --- [restartedMain] s.w.s.m.m.a.RequestMappingHandlerMapping : Mapped "{[/]}" onto public java.lang.String cn.zxf.self.controllers.ViewDataController.indexView()
2019-04-20 14:38:53.223  INFO 1088 --- [restartedMain] s.w.s.m.m.a.RequestMappingHandlerMapping : Mapped "{[/error]}" onto public org.springframework.http.ResponseEntity<java.util.Map<java.lang.String, java.lang.Object>> org.springframework.boot.autoconfigure.web.servlet.error.BasicErrorController.error(javax.servlet.http.HttpServletRequest)
2019-04-20 14:38:53.223  INFO 1088 --- [restartedMain] s.w.s.m.m.a.RequestMappingHandlerMapping : Mapped "{[/error],produces=[text/html]}" onto public org.springframework.web.servlet.ModelAndView org.springframework.boot.autoconfigure.web.servlet.error.BasicErrorController.errorHtml(javax.servlet.http.HttpServletRequest,javax.servlet.http.HttpServletResponse)
2019-04-20 14:38:53.263  INFO 1088 --- [restartedMain] o.s.w.s.handler.SimpleUrlHandlerMapping  : Mapped URL path [/webjars/**] onto handler of type [class org.springframework.web.servlet.resource.ResourceHttpRequestHandler]
2019-04-20 14:38:53.263  INFO 1088 --- [restartedMain] o.s.w.s.handler.SimpleUrlHandlerMapping  : Mapped URL path [/**] onto handler of type [class org.springframework.web.servlet.resource.ResourceHttpRequestHandler]
2019-04-20 14:38:53.351  WARN 1088 --- [restartedMain] org.thymeleaf.templatemode.TemplateMode  : [THYMELEAF][restartedMain] Template Mode 'HTML5' is deprecated. Using Template Mode 'HTML' instead.
2019-04-20 14:38:53.446  INFO 1088 --- [restartedMain] o.s.b.a.w.s.WelcomePageHandlerMapping    : Adding welcome page: class path resource [static/index.html]
2019-04-20 14:38:54.406  INFO 1088 --- [restartedMain] o.s.b.d.a.OptionalLiveReloadServer       : LiveReload server is running on port 35729
2019-04-20 14:38:54.487  INFO 1088 --- [restartedMain] o.s.w.s.s.s.ServerEndpointExporter       : Registering @ServerEndpoint class: class cn.zxf.self.config.WebSocketServerEndpoint
2019-04-20 14:38:54.496  INFO 1088 --- [restartedMain] o.s.j.e.a.AnnotationMBeanExporter        : Registering beans for JMX exposure on startup
2019-04-20 14:38:54.497  INFO 1088 --- [restartedMain] o.s.j.e.a.AnnotationMBeanExporter        : Bean with name 'statFilter' has been autodetected for JMX exposure
2019-04-20 14:38:54.497  INFO 1088 --- [restartedMain] o.s.j.e.a.AnnotationMBeanExporter        : Bean with name 'wallConfig' has been autodetected for JMX exposure
2019-04-20 14:38:54.498  INFO 1088 --- [restartedMain] o.s.j.e.a.AnnotationMBeanExporter        : Bean with name 'wallFilter' has been autodetected for JMX exposure
2019-04-20 14:38:54.498  INFO 1088 --- [restartedMain] o.s.j.e.a.AnnotationMBeanExporter        : Bean with name 'dataSource' has been autodetected for JMX exposure
2019-04-20 14:38:54.505  INFO 1088 --- [restartedMain] o.s.j.e.a.AnnotationMBeanExporter        : Bean with name 'rabbitConnectionFactory' has been autodetected for JMX exposure
2019-04-20 14:38:54.509  INFO 1088 --- [restartedMain] o.s.j.e.a.AnnotationMBeanExporter        : Located MBean 'wallConfig': registering with JMX server as MBean [com.alibaba.druid.wall:name=wallConfig,type=WallConfig]
2019-04-20 14:38:54.510  INFO 1088 --- [restartedMain] o.s.j.e.a.AnnotationMBeanExporter        : Located MBean 'wallFilter': registering with JMX server as MBean [com.alibaba.druid.wall:name=wallFilter,type=WallFilter]
2019-04-20 14:38:54.511  INFO 1088 --- [restartedMain] o.s.j.e.a.AnnotationMBeanExporter        : Located MBean 'dataSource': registering with JMX server as MBean [com.alibaba.druid.spring.boot.autoconfigure:name=dataSource,type=DruidDataSourceWrapper]
2019-04-20 14:38:54.513  INFO 1088 --- [restartedMain] o.s.j.e.a.AnnotationMBeanExporter        : Located managed bean 'rabbitConnectionFactory': registering with JMX server as MBean [org.springframework.amqp.rabbit.connection:name=rabbitConnectionFactory,type=CachingConnectionFactory]
2019-04-20 14:38:54.554  INFO 1088 --- [restartedMain] o.s.j.e.a.AnnotationMBeanExporter        : Located MBean 'statFilter': registering with JMX server as MBean [com.alibaba.druid.filter.stat:name=statFilter,type=StatFilter]
2019-04-20 14:38:54.558  INFO 1088 --- [restartedMain] o.s.c.support.DefaultLifecycleProcessor  : Starting beans in phase 2147483647
2019-04-20 14:38:54.567  INFO 1088 --- [SimpleAsyncTaskExecutor-1] o.s.a.r.c.CachingConnectionFactory       : Attempting to connect to: [127.0.0.1:5672]
2019-04-20 14:38:54.750  INFO 1088 --- [SimpleAsyncTaskExecutor-1] o.s.a.r.c.CachingConnectionFactory       : Created new connection: rabbitConnectionFactory#35f1d25a:0/SimpleConnection@3bc70033 [delegate=amqp://guest@127.0.0.1:5672/, localPort= 50145]
2019-04-20 14:38:55.164  INFO 1088 --- [restartedMain] o.s.b.w.embedded.tomcat.TomcatWebServer  : Tomcat started on port(s): 8888 (http) with context path ''
2019-04-20 14:38:55.168  INFO 1088 --- [restartedMain] cn.zxf.self.FoodStoreWebApplication      : Started FoodStoreWebApplication in 15.845 seconds (JVM running for 20.51)
2019-04-20 14:40:55.615  INFO 1088 --- [http-nio-8888-exec-1] o.a.c.c.C.[Tomcat].[localhost].[/]       : Initializing Spring FrameworkServlet 'dispatcherServlet'
2019-04-20 14:40:55.617  INFO 1088 --- [http-nio-8888-exec-1] o.s.web.servlet.DispatcherServlet        : FrameworkServlet 'dispatcherServlet': initialization started
2019-04-20 14:40:55.671  INFO 1088 --- [http-nio-8888-exec-1] o.s.web.servlet.DispatcherServlet        : FrameworkServlet 'dispatcherServlet': initialization completed in 53 ms
2019-04-20 14:41:28.701  INFO 1088 --- [http-nio-8888-exec-3] c.z.self.controllers.ViewDataController  : /view/searchInedxData.action
2019-04-20 14:41:28.838 DEBUG 1088 --- [http-nio-8888-exec-3] c.z.s.m.O.selectMaxCountRecipes          : ==>  Preparing: select recipes_id from ( select recipes_id ,count(recipes_id) from order_recipes_rel group by recipes_id order by count(recipes_id) desc ) s1 
2019-04-20 14:41:29.431 DEBUG 1088 --- [http-nio-8888-exec-3] c.z.s.m.O.selectMaxCountRecipes          : ==> Parameters: 
2019-04-20 14:41:29.652 DEBUG 1088 --- [http-nio-8888-exec-3] c.z.s.m.O.selectMaxCountRecipes          : <==      Total: 4
2019-04-20 14:41:29.689 DEBUG 1088 --- [http-nio-8888-exec-3] c.z.s.m.R.selectByPrimaryKey             : ==>  Preparing: select id, food_name, food_type, food_price, food_status, food_cuisine, food_key, food_introduce, food_img_url from recipes where id = ? 
2019-04-20 14:41:29.892 DEBUG 1088 --- [http-nio-8888-exec-3] c.z.s.m.R.selectByPrimaryKey             : ==> Parameters: 1(Integer)
2019-04-20 14:41:29.926 DEBUG 1088 --- [http-nio-8888-exec-3] c.z.s.m.R.selectByPrimaryKey             : <==      Total: 1
2019-04-20 14:41:29.927 DEBUG 1088 --- [http-nio-8888-exec-3] c.z.s.m.R.selectByPrimaryKey             : ==>  Preparing: select id, food_name, food_type, food_price, food_status, food_cuisine, food_key, food_introduce, food_img_url from recipes where id = ? 
2019-04-20 14:41:29.927 DEBUG 1088 --- [http-nio-8888-exec-3] c.z.s.m.R.selectByPrimaryKey             : ==> Parameters: 6(Integer)
2019-04-20 14:41:29.930 DEBUG 1088 --- [http-nio-8888-exec-3] c.z.s.m.R.selectByPrimaryKey             : <==      Total: 1
2019-04-20 14:41:29.930 DEBUG 1088 --- [http-nio-8888-exec-3] c.z.s.m.R.selectByPrimaryKey             : ==>  Preparing: select id, food_name, food_type, food_price, food_status, food_cuisine, food_key, food_introduce, food_img_url from recipes where id = ? 
2019-04-20 14:41:29.931 DEBUG 1088 --- [http-nio-8888-exec-3] c.z.s.m.R.selectByPrimaryKey             : ==> Parameters: 11(Integer)
2019-04-20 14:41:29.933 DEBUG 1088 --- [http-nio-8888-exec-3] c.z.s.m.R.selectByPrimaryKey             : <==      Total: 1
2019-04-20 14:41:29.933 DEBUG 1088 --- [http-nio-8888-exec-3] c.z.s.m.R.selectByPrimaryKey             : ==>  Preparing: select id, food_name, food_type, food_price, food_status, food_cuisine, food_key, food_introduce, food_img_url from recipes where id = ? 
2019-04-20 14:41:29.933 DEBUG 1088 --- [http-nio-8888-exec-3] c.z.s.m.R.selectByPrimaryKey             : ==> Parameters: 12(Integer)
2019-04-20 14:41:29.936 DEBUG 1088 --- [http-nio-8888-exec-3] c.z.s.m.R.selectByPrimaryKey             : <==      Total: 1
2019-04-20 14:41:59.986  INFO 1088 --- [http-nio-8888-exec-5] cn.zxf.self.controllers.LoginController  : url:/htm/loginManagerAccount.htm
2019-04-20 14:41:59.986  INFO 1088 --- [http-nio-8888-exec-5] cn.zxf.self.controllers.LoginController  : 验证码：29LF
2019-04-20 14:42:00.058 DEBUG 1088 --- [http-nio-8888-exec-5] c.z.s.m.UserInfoMapper.selectByExample   : ==>  Preparing: select user_id, user_name, account_name, account_password, user_email, user_realname, user_birthday, user_sex, user_phone, user_address, user_flag, create_time, modify_time from user_info WHERE ( account_name = ? and account_password = ? and user_flag = ? ) 
2019-04-20 14:42:00.062 DEBUG 1088 --- [http-nio-8888-exec-5] c.z.s.m.UserInfoMapper.selectByExample   : ==> Parameters: admin_zxf(String), 25f9e794323b453885f5181f1b624d0b(String), 1(Integer)
2019-04-20 14:42:00.210 DEBUG 1088 --- [http-nio-8888-exec-5] c.z.s.m.UserInfoMapper.selectByExample   : <==      Total: 1
2019-04-20 14:42:00.238  INFO 1088 --- [http-nio-8888-exec-5] cn.zxf.self.controllers.LoginController  : 登录用户：admin,账户：admin_zxf
2019-04-20 14:42:00.238  INFO 1088 --- [http-nio-8888-exec-5] cn.zxf.self.controllers.LoginController  : 返回信息:cn.zxf.self.dto.JsonModel@326b88eb
2019-04-20 14:43:57.229  INFO 1088 --- [http-nio-8888-exec-2] c.z.self.controllers.ViewDataController  : /view/searchInedxData.action
2019-04-20 14:43:57.231 DEBUG 1088 --- [http-nio-8888-exec-2] c.z.s.m.O.selectMaxCountRecipes          : ==>  Preparing: select recipes_id from ( select recipes_id ,count(recipes_id) from order_recipes_rel group by recipes_id order by count(recipes_id) desc ) s1 
2019-04-20 14:43:57.231 DEBUG 1088 --- [http-nio-8888-exec-2] c.z.s.m.O.selectMaxCountRecipes          : ==> Parameters: 
2019-04-20 14:43:57.235 DEBUG 1088 --- [http-nio-8888-exec-2] c.z.s.m.O.selectMaxCountRecipes          : <==      Total: 4
2019-04-20 14:43:57.236 DEBUG 1088 --- [http-nio-8888-exec-2] c.z.s.m.R.selectByPrimaryKey             : ==>  Preparing: select id, food_name, food_type, food_price, food_status, food_cuisine, food_key, food_introduce, food_img_url from recipes where id = ? 
2019-04-20 14:43:57.237 DEBUG 1088 --- [http-nio-8888-exec-2] c.z.s.m.R.selectByPrimaryKey             : ==> Parameters: 1(Integer)
2019-04-20 14:43:57.239 DEBUG 1088 --- [http-nio-8888-exec-2] c.z.s.m.R.selectByPrimaryKey             : <==      Total: 1
2019-04-20 14:43:57.241 DEBUG 1088 --- [http-nio-8888-exec-2] c.z.s.m.R.selectByPrimaryKey             : ==>  Preparing: select id, food_name, food_type, food_price, food_status, food_cuisine, food_key, food_introduce, food_img_url from recipes where id = ? 
2019-04-20 14:43:57.242 DEBUG 1088 --- [http-nio-8888-exec-2] c.z.s.m.R.selectByPrimaryKey             : ==> Parameters: 6(Integer)
2019-04-20 14:43:57.244 DEBUG 1088 --- [http-nio-8888-exec-2] c.z.s.m.R.selectByPrimaryKey             : <==      Total: 1
2019-04-20 14:43:57.245 DEBUG 1088 --- [http-nio-8888-exec-2] c.z.s.m.R.selectByPrimaryKey             : ==>  Preparing: select id, food_name, food_type, food_price, food_status, food_cuisine, food_key, food_introduce, food_img_url from recipes where id = ? 
2019-04-20 14:43:57.246 DEBUG 1088 --- [http-nio-8888-exec-2] c.z.s.m.R.selectByPrimaryKey             : ==> Parameters: 11(Integer)
2019-04-20 14:43:57.248 DEBUG 1088 --- [http-nio-8888-exec-2] c.z.s.m.R.selectByPrimaryKey             : <==      Total: 1
2019-04-20 14:43:57.249 DEBUG 1088 --- [http-nio-8888-exec-2] c.z.s.m.R.selectByPrimaryKey             : ==>  Preparing: select id, food_name, food_type, food_price, food_status, food_cuisine, food_key, food_introduce, food_img_url from recipes where id = ? 
2019-04-20 14:43:57.249 DEBUG 1088 --- [http-nio-8888-exec-2] c.z.s.m.R.selectByPrimaryKey             : ==> Parameters: 12(Integer)
2019-04-20 14:43:57.251 DEBUG 1088 --- [http-nio-8888-exec-2] c.z.s.m.R.selectByPrimaryKey             : <==      Total: 1
